#
# A fatal error has been detected by the Java Runtime Environment:
#
#  EXCEPTION_ACCESS_VIOLATION (0xc0000005) at pc=0x00007ff96b943a83, pid=1592, tid=15284
#
# JRE version: OpenJDK Runtime Environment (23.0+37) (build 23+37-2369)
# Java VM: OpenJDK 64-Bit Server VM (23+37-2369, mixed mode, sharing, tiered, compressed oops, compressed class ptrs, g1 gc, windows-amd64)
# Problematic frame:
# C  [awt.dll+0xc3a83]
#
# No core dump will be written. Minidumps are not enabled by default on client versions of Windows
#
# If you would like to submit a bug report, please visit:
#   https://bugreport.java.com/bugreport/crash.jsp
# The crash happened outside the Java Virtual Machine in native code.
# See problematic frame for where to report the bug.
#

---------------  S U M M A R Y ------------

Command Line: -javaagent:C:\Program Files\JetBrains\IntelliJ IDEA 2024.2.2\lib\idea_rt.jar=50141:C:\Program Files\JetBrains\IntelliJ IDEA 2024.2.2\bin -Dfile.encoding=UTF-8 -Dsun.stdout.encoding=UTF-8 -Dsun.stderr.encoding=UTF-8 Main

Host: 11th Gen Intel(R) Core(TM) i5-11400H @ 2.70GHz, 12 cores, 15G,  Windows 11 , 64 bit Build 22621 (10.0.22621.3958)
Time: Thu Oct 10 11:23:30 2024 Pacific Daylight Time elapsed time: 126.215442 seconds (0d 0h 2m 6s)

---------------  T H R E A D  ---------------

Current thread (0x000001c584a5c380):  JavaThread "AWT-Windows" daemon [_thread_in_native, id=15284, stack(0x000000be81100000,0x000000be81200000) (1024K)]

Stack: [0x000000be81100000,0x000000be81200000],  sp=0x000000be811fedb8,  free space=1019k
Native frames: (J=compiled Java code, j=interpreted, Vv=VM code, C=native code)
C  [awt.dll+0xc3a83]  (no source info available)

Java frames: (J=compiled Java code, j=interpreted, Vv=VM code)
j  sun.awt.windows.WToolkit.eventLoop()V+0 java.desktop@23
j  sun.awt.windows.WToolkit.run()V+50 java.desktop@23
j  java.lang.Thread.runWith(Ljava/lang/Object;Ljava/lang/Runnable;)V+5 java.base@23
j  java.lang.Thread.run()V+19 java.base@23
v  ~StubRoutines::call_stub 0x000001c5f4880fcd

siginfo: EXCEPTION_ACCESS_VIOLATION (0xc0000005), reading address 0xffffffffffffffff


Registers:
RAX=0x00000000690103d1, RBX=0x000001c5cd55b260, RCX=0x800011c50a81937b, RDX=0x00000000690103d1
RSP=0x000000be811fedb8, RBP=0x000000be811feec9, RSI=0x00000000690103d1, RDI=0x0000000000000000
R8 =0x0000000000000001, R9 =0x0000000000000000, R10=0x0000000000000000, R11=0x0000000000000246
R12=0x0000000000000000, R13=0x0000000000000310, R14=0x0000000000000000, R15=0x0000000000000000
RIP=0x00007ff96b943a83, EFLAGS=0x0000000000010286


Register to memory mapping:

RAX=0x00000000690103d1 is an unknown value
RBX=0x000001c5cd55b260 points into unknown readable memory: 0x000001c5cdb86e60 | 60 6e b8 cd c5 01 00 00
RCX=0x800011c50a81937b is an unknown value
RDX=0x00000000690103d1 is an unknown value
RSP=0x000000be811fedb8 is pointing into the stack for thread: 0x000001c584a5c380
RBP=0x000000be811feec9 is pointing into the stack for thread: 0x000001c584a5c380
RSI=0x00000000690103d1 is an unknown value
RDI=0x0 is null
R8 =0x0000000000000001 is an unknown value
R9 =0x0 is null
R10=0x0 is null
R11=0x0000000000000246 is an unknown value
R12=0x0 is null
R13=0x0000000000000310 is an unknown value
R14=0x0 is null
R15=0x0 is null

Top of Stack: (sp=0x000000be811fedb8)
0x000000be811fedb8:   00007ff96b95be12 00007ff96b9b9838
0x000000be811fedc8:   00000000690103d1 0000000000000000
0x000000be811fedd8:   0000000000000000 0000000000000000
0x000000be811fede8:   00007ff96b91783c 00000000690103d1
0x000000be811fedf8:   000001c5cac7fcb0 000001c5cd55b260
0x000000be811fee08:   0000000000000000 0000000000000000
0x000000be811fee18:   00007ff96b9178e6 000001c5cac7fcb0
0x000000be811fee28:   00007ff96b880000 000000000000c1c8
0x000000be811fee38:   0000000000000098 0000000000000000
0x000000be811fee48:   00007ff96b914cb6 000001c5cac7fcb0
0x000000be811fee58:   0000000000000000 0000000000000001
0x000000be811fee68:   00007ff991a76af7 000000be811fef30
0x000000be811fee78:   00000000003b0706 00007ff96b917dc0
0x000000be811fee88:   0000000000000000 0000000000000000
0x000000be811fee98:   00007ff991a78ac3 0000000000000000
0x000000be811feea8:   000000be811fef30 000000be811fef34
0x000000be811feeb8:   000001c584a5c740 000001c5cac7fd50
0x000000be811feec8:   000000000000c1c8 000000000000c1c8
0x000000be811feed8:   0000e5e43df623db 000001c5cb0f2a60
0x000000be811feee8:   0000000000000000 0000000000000000
0x000000be811feef8:   0000000000000000 0000000000000000
0x000000be811fef08:   0000000000000310 0000000000000000
0x000000be811fef18:   000001c5cac7fcb0 000001c5cac7fcb0
0x000000be811fef28:   00007ff96b960f8c 0000000200000002
0x000000be811fef38:   0000000000000000 0000b3442b06e19f
0x000000be811fef48:   00008aa6f375253e 0000000000000000
0x000000be811fef58:   000000000000c1c8 0000000000000000
0x000000be811fef68:   0000000000000000 000000be811ff148
0x000000be811fef78:   00007ff98f7b8696 0000000000000000
0x000000be811fef88:   00007ff991a78ac3 ffffffffffffffeb
0x000000be811fef98:   00007ff98f7bacb9 0000000000000000
0x000000be811fefa8:   0000e5e43df622bb 00000000000e05b0 

Instructions: (pc=0x00007ff96b943a83)
0x00007ff96b943983:   00 00 0f 11 40 80 0f 10 41 a0 0f 11 48 90 0f 10
0x00007ff96b943993:   49 b0 0f 11 40 a0 0f 10 41 c0 0f 11 48 b0 0f 10
0x00007ff96b9439a3:   49 d0 0f 11 40 c0 0f 10 41 e0 0f 11 48 d0 0f 10
0x00007ff96b9439b3:   49 f0 0f 11 40 e0 0f 11 48 f0 48 83 ea 01 75 ad
0x00007ff96b9439c3:   0f 10 01 0f 10 49 10 0f 11 00 0f 10 41 20 0f 11
0x00007ff96b9439d3:   48 10 0f 11 40 20 49 8b ce 41 c7 06 00 03 00 01
0x00007ff96b9439e3:   bb 00 01 00 00 ff 15 ea eb 07 00 4c 8b c6 48 89
0x00007ff96b9439f3:   86 08 0c 00 00 4c 2b c7 48 8d 57 02 90 0f b6 42
0x00007ff96b943a03:   ff 0f b6 4a fe 48 8d 52 04 c1 e1 08 0b c8 0f b6
0x00007ff96b943a13:   42 fc c1 e1 08 0b c8 81 c9 00 00 00 ff 41 89 4c
0x00007ff96b943a23:   10 fa 48 83 eb 01 75 d5 49 8b ce e8 d5 7c 02 00
0x00007ff96b943a33:   48 8b 5c 24 30 48 8b c6 48 8b 74 24 38 48 8b 7c
0x00007ff96b943a43:   24 40 48 83 c4 20 41 5e c3 cc cc cc cc 48 83 b9
0x00007ff96b943a53:   08 0c 00 00 00 74 1c 83 3d 6b 05 08 00 00 75 09
0x00007ff96b943a63:   83 3d 6e 26 08 00 00 74 0a 48 8b ca 48 ff 25 7a
0x00007ff96b943a73:   eb 07 00 c3 cc cc cc cc cc cc cc cc cc 48 8b c2
0x00007ff96b943a83:   48 8b 91 08 0c 00 00 48 85 d2 74 0d 45 33 c0 48
0x00007ff96b943a93:   8b c8 48 ff 25 5c eb 07 00 33 c0 c3 cc 48 89 5c
0x00007ff96b943aa3:   24 10 48 89 6c 24 18 48 89 74 24 20 57 41 54 41
0x00007ff96b943ab3:   55 41 56 41 57 48 81 ec 30 05 00 00 48 8b 05 12
0x00007ff96b943ac3:   de 07 00 48 33 c4 48 89 84 24 20 05 00 00 48 8b
0x00007ff96b943ad3:   f9 48 8b 89 10 0c 00 00 e8 e0 75 01 00 48 8b f0
0x00007ff96b943ae3:   48 85 c0 0f 84 61 03 00 00 ba 0c 00 00 00 48 8b
0x00007ff96b943af3:   c8 ff 15 f6 e9 07 00 48 8b 8f 10 0c 00 00 48 8b
0x00007ff96b943b03:   d6 8b d8 e8 e5 7d 01 00 83 fb 08 0f 85 39 03 00
0x00007ff96b943b13:   00 48 8b 8f 10 0c 00 00 e8 a0 75 01 00 41 bd 00
0x00007ff96b943b23:   01 00 00 4c 8d 4c 24 20 45 8b c5 33 d2 48 8b c8
0x00007ff96b943b33:   48 8b e8 ff 15 74 eb 07 00 45 33 e4 8b f0 85 c0
0x00007ff96b943b43:   0f 8f e9 00 00 00 b9 08 04 00 00 e8 bd 7b 02 00
0x00007ff96b943b53:   48 8b d8 48 85 c0 75 08 41 8b f4 e9 cf 00 00 00
0x00007ff96b943b63:   c7 00 00 03 00 01 41 8b cc 48 83 c0 05 88 48 ff
0x00007ff96b943b73:   ff c1 66 44 89 20 c6 40 02 02 48 8d 40 04 41 3b 


Stack slot to memory mapping:

stack at sp + 0 slots: 0x00007ff96b95be12 awt.dll
stack at sp + 1 slots: 0x00007ff96b9b9838 awt.dll
stack at sp + 2 slots: 0x00000000690103d1 is an unknown value
stack at sp + 3 slots: 0x0 is null
stack at sp + 4 slots: 0x0 is null
stack at sp + 5 slots: 0x0 is null
stack at sp + 6 slots: 0x00007ff96b91783c awt.dll
stack at sp + 7 slots: 0x00000000690103d1 is an unknown value

Lock stack of current Java thread (top to bottom):


---------------  P R O C E S S  ---------------

Threads class SMR info:
_java_thread_list=0x000001c5cac85050, length=17, elements={
0x000001c584676240, 0x000001c584677160, 0x000001c58467b7e0, 0x000001c58467c530,
0x000001c58467f5a0, 0x000001c584683da0, 0x000001c584688a80, 0x000001c584696a70,
0x000001c58478fcc0, 0x000001c5848bd0c0, 0x000001c5848bd730, 0x000001c584a55c90,
0x000001c584a56b90, 0x000001c584a5c380, 0x000001c5cac4fe30, 0x000001c5cadaa330,
0x000001c5cb2d3680
}

Java Threads: ( => current thread )
  0x000001c584676240 JavaThread "Reference Handler"          daemon [_thread_blocked, id=9740, stack(0x000000be80400000,0x000000be80500000) (1024K)]
  0x000001c584677160 JavaThread "Finalizer"                  daemon [_thread_blocked, id=4552, stack(0x000000be80500000,0x000000be80600000) (1024K)]
  0x000001c58467b7e0 JavaThread "Signal Dispatcher"          daemon [_thread_blocked, id=10184, stack(0x000000be80600000,0x000000be80700000) (1024K)]
  0x000001c58467c530 JavaThread "Attach Listener"            daemon [_thread_blocked, id=20376, stack(0x000000be80700000,0x000000be80800000) (1024K)]
  0x000001c58467f5a0 JavaThread "Service Thread"             daemon [_thread_blocked, id=14132, stack(0x000000be80800000,0x000000be80900000) (1024K)]
  0x000001c584683da0 JavaThread "Monitor Deflation Thread"   daemon [_thread_blocked, id=22316, stack(0x000000be80900000,0x000000be80a00000) (1024K)]
  0x000001c584688a80 JavaThread "C2 CompilerThread0"         daemon [_thread_blocked, id=1788, stack(0x000000be80a00000,0x000000be80b00000) (1024K)]
  0x000001c584696a70 JavaThread "C1 CompilerThread0"         daemon [_thread_blocked, id=22848, stack(0x000000be80b00000,0x000000be80c00000) (1024K)]
  0x000001c58478fcc0 JavaThread "Common-Cleaner"             daemon [_thread_blocked, id=10876, stack(0x000000be80c00000,0x000000be80d00000) (1024K)]
  0x000001c5848bd0c0 JavaThread "Monitor Ctrl-Break"         daemon [_thread_in_native, id=10480, stack(0x000000be80d00000,0x000000be80e00000) (1024K)]
  0x000001c5848bd730 JavaThread "Notification Thread"        daemon [_thread_blocked, id=19464, stack(0x000000be80e00000,0x000000be80f00000) (1024K)]
  0x000001c584a55c90 JavaThread "Java2D Disposer"            daemon [_thread_blocked, id=10944, stack(0x000000be80f00000,0x000000be81000000) (1024K)]
  0x000001c584a56b90 JavaThread "AWT-Shutdown"                      [_thread_blocked, id=19632, stack(0x000000be81000000,0x000000be81100000) (1024K)]
=>0x000001c584a5c380 JavaThread "AWT-Windows"                daemon [_thread_in_native, id=15284, stack(0x000000be81100000,0x000000be81200000) (1024K)]
  0x000001c5cac4fe30 JavaThread "AWT-EventQueue-0"                  [_thread_in_native, id=11804, stack(0x000000be81300000,0x000000be81400000) (1024K)]
  0x000001c5cadaa330 JavaThread "TimerQueue"                 daemon [_thread_blocked, id=10680, stack(0x000000be81700000,0x000000be81800000) (1024K)]
  0x000001c5cb2d3680 JavaThread "DestroyJavaVM"                     [_thread_blocked, id=7148, stack(0x000000beffc00000,0x000000beffd00000) (1024K)]
Total: 17

Other Threads:
  0x000001c5ffe0dd40 VMThread "VM Thread"                           [id=2712, stack(0x000000be80300000,0x000000be80400000) (1024K)]
  0x000001c5ffdf8850 WatcherThread "VM Periodic Task Thread"        [id=14180, stack(0x000000be80200000,0x000000be80300000) (1024K)]
  0x000001c5e29ade80 WorkerThread "GC Thread#0"                     [id=25740, stack(0x000000beffd00000,0x000000beffe00000) (1024K)]
  0x000001c5ce15b3a0 WorkerThread "GC Thread#1"                     [id=6236, stack(0x000000be81b00000,0x000000be81c00000) (1024K)]
  0x000001c5cce1def0 WorkerThread "GC Thread#2"                     [id=26516, stack(0x000000be81c00000,0x000000be81d00000) (1024K)]
  0x000001c5cd5d3ff0 WorkerThread "GC Thread#3"                     [id=5592, stack(0x000000be81d00000,0x000000be81e00000) (1024K)]
  0x000001c5cd355de0 WorkerThread "GC Thread#4"                     [id=17616, stack(0x000000be81e00000,0x000000be81f00000) (1024K)]
  0x000001c5cd356190 WorkerThread "GC Thread#5"                     [id=26432, stack(0x000000be81f00000,0x000000be82000000) (1024K)]
  0x000001c5cd3552d0 WorkerThread "GC Thread#6"                     [id=1644, stack(0x000000be82000000,0x000000be82100000) (1024K)]
  0x000001c5cd356540 WorkerThread "GC Thread#7"                     [id=8652, stack(0x000000be82100000,0x000000be82200000) (1024K)]
  0x000001c5cd3568f0 WorkerThread "GC Thread#8"                     [id=17516, stack(0x000000be81900000,0x000000be81a00000) (1024K)]
  0x000001c5e4cc6570 ConcurrentGCThread "G1 Main Marker"            [id=25508, stack(0x000000beffe00000,0x000000befff00000) (1024K)]
  0x000001c5e4cc7290 WorkerThread "G1 Conc#0"                       [id=25372, stack(0x000000befff00000,0x000000bf00000000) (1024K)]
  0x000001c5ffccbd20 ConcurrentGCThread "G1 Refine#0"               [id=27096, stack(0x000000be80000000,0x000000be80100000) (1024K)]
  0x000001c5ffccc8a0 ConcurrentGCThread "G1 Service"                [id=23712, stack(0x000000be80100000,0x000000be80200000) (1024K)]
Total: 15

Threads with active compile tasks:
Total: 0

VM state: not at safepoint (normal execution)

VM Mutex/Monitor currently owned by a thread: None

Heap address: 0x0000000704a00000, size: 4022 MB, Compressed Oops mode: Zero based, Oop shift amount: 3

CDS archive(s) mapped at: [0x000001c585000000-0x000001c585d70000-0x000001c585d70000), size 14090240, SharedBaseAddress: 0x000001c585000000, ArchiveRelocationMode: 1.
Compressed class space mapped at: 0x000001c586000000-0x000001c5c6000000, reserved size: 1073741824
Narrow klass base: 0x000001c585000000, Narrow klass shift: 0, Narrow klass range: 0x41000000

GC Precious Log:
 CardTable entry size: 512
 Card Set container configuration: InlinePtr #cards 4 size 8 Array Of Cards #cards 16 size 48 Howl #buckets 8 coarsen threshold 3686 Howl Bitmap #cards 512 size 80 coarsen threshold 460 Card regions per heap region 1 cards per card region 4096
 CPUs: 12 total, 12 available
 Memory: 16085M
 Large Page Support: Disabled
 NUMA Support: Disabled
 Compressed Oops: Enabled (Zero based)
 Heap Region Size: 2M
 Heap Min Capacity: 8M
 Heap Initial Capacity: 252M
 Heap Max Capacity: 4022M
 Pre-touch: Disabled
 Parallel Workers: 10
 Concurrent Workers: 3
 Concurrent Refinement Workers: 10
 Periodic GC: Disabled

Heap:
 garbage-first heap   total reserved 4118528K, committed 258048K, used 95833K [0x0000000704a00000, 0x0000000800000000)
  region size 2048K, 14 young (28672K), 3 survivors (6144K)
 Metaspace       used 10184K, committed 10368K, reserved 1114112K
  class space    used 1118K, committed 1216K, reserved 1048576K

Heap Regions: E=young(eden), S=young(survivor), O=old, HS=humongous(starts), HC=humongous(continues), CS=collection set, F=free, TAMS=top-at-mark-start, PB=parsable bottom
|   0|0x0000000704a00000, 0x0000000704c00000, 0x0000000704c00000|100%|HS|  |TAMS 0x0000000704a00000| PB 0x0000000704a00000| Complete |  0
|   1|0x0000000704c00000, 0x0000000704e00000, 0x0000000704e00000|100%|HC|  |TAMS 0x0000000704c00000| PB 0x0000000704c00000| Complete |  0
|   2|0x0000000704e00000, 0x0000000705000000, 0x0000000705000000|100%|HC|  |TAMS 0x0000000704e00000| PB 0x0000000704e00000| Complete |  0
|   3|0x0000000705000000, 0x0000000705200000, 0x0000000705200000|100%|HC|  |TAMS 0x0000000705000000| PB 0x0000000705000000| Complete |  0
|   4|0x0000000705200000, 0x0000000705400000, 0x0000000705400000|100%| O|  |TAMS 0x0000000705200000| PB 0x0000000705200000| Untracked |  0
|   5|0x0000000705400000, 0x0000000705600000, 0x0000000705600000|100%| O|  |TAMS 0x0000000705400000| PB 0x0000000705400000| Untracked |  0
|   6|0x0000000705600000, 0x0000000705800000, 0x0000000705800000|100%| O|  |TAMS 0x0000000705600000| PB 0x0000000705600000| Untracked |  0
|   7|0x0000000705800000, 0x0000000705a00000, 0x0000000705a00000|100%| O|  |TAMS 0x0000000705800000| PB 0x0000000705800000| Untracked |  0
|   8|0x0000000705a00000, 0x0000000705c00000, 0x0000000705c00000|100%| O|  |TAMS 0x0000000705a00000| PB 0x0000000705a00000| Untracked |  0
|   9|0x0000000705c00000, 0x0000000705e00000, 0x0000000705e00000|100%| O|  |TAMS 0x0000000705c00000| PB 0x0000000705c00000| Untracked |  0
|  10|0x0000000705e00000, 0x0000000706000000, 0x0000000706000000|100%| O|  |TAMS 0x0000000705e00000| PB 0x0000000705e00000| Untracked |  0
|  11|0x0000000706000000, 0x0000000706200000, 0x0000000706200000|100%| O|  |TAMS 0x0000000706000000| PB 0x0000000706000000| Untracked |  0
|  12|0x0000000706200000, 0x0000000706400000, 0x0000000706400000|100%| O|  |TAMS 0x0000000706200000| PB 0x0000000706200000| Untracked |  0
|  13|0x0000000706400000, 0x0000000706600000, 0x0000000706600000|100%| O|  |TAMS 0x0000000706400000| PB 0x0000000706400000| Untracked |  0
|  14|0x0000000706600000, 0x0000000706800000, 0x0000000706800000|100%| O|  |TAMS 0x0000000706600000| PB 0x0000000706600000| Untracked |  0
|  15|0x0000000706800000, 0x0000000706a00000, 0x0000000706a00000|100%| O|  |TAMS 0x0000000706800000| PB 0x0000000706800000| Untracked |  0
|  16|0x0000000706a00000, 0x0000000706c00000, 0x0000000706c00000|100%| O|  |TAMS 0x0000000706a00000| PB 0x0000000706a00000| Untracked |  0
|  17|0x0000000706c00000, 0x0000000706e00000, 0x0000000706e00000|100%| O|  |TAMS 0x0000000706c00000| PB 0x0000000706c00000| Untracked |  0
|  18|0x0000000706e00000, 0x0000000707000000, 0x0000000707000000|100%| O|  |TAMS 0x0000000706e00000| PB 0x0000000706e00000| Untracked |  0
|  19|0x0000000707000000, 0x0000000707200000, 0x0000000707200000|100%| O|  |TAMS 0x0000000707000000| PB 0x0000000707000000| Untracked |  0
|  20|0x0000000707200000, 0x0000000707400000, 0x0000000707400000|100%| O|  |TAMS 0x0000000707200000| PB 0x0000000707200000| Untracked |  0
|  21|0x0000000707400000, 0x0000000707600000, 0x0000000707600000|100%| O|  |TAMS 0x0000000707400000| PB 0x0000000707400000| Untracked |  0
|  22|0x0000000707600000, 0x0000000707800000, 0x0000000707800000|100%| O|  |TAMS 0x0000000707600000| PB 0x0000000707600000| Untracked |  0
|  23|0x0000000707800000, 0x0000000707a00000, 0x0000000707a00000|100%| O|  |TAMS 0x0000000707800000| PB 0x0000000707800000| Untracked |  0
|  24|0x0000000707a00000, 0x0000000707a63a48, 0x0000000707c00000| 19%| O|  |TAMS 0x0000000707a00000| PB 0x0000000707a00000| Untracked |  0
|  25|0x0000000707c00000, 0x0000000707e00000, 0x0000000707e00000|100%|HS|  |TAMS 0x0000000707c00000| PB 0x0000000707c00000| Complete |  0
|  26|0x0000000707e00000, 0x0000000708000000, 0x0000000708000000|100%|HC|  |TAMS 0x0000000707e00000| PB 0x0000000707e00000| Complete |  0
|  27|0x0000000708000000, 0x0000000708200000, 0x0000000708200000|100%|HC|  |TAMS 0x0000000708000000| PB 0x0000000708000000| Complete |  0
|  28|0x0000000708200000, 0x0000000708400000, 0x0000000708400000|100%|HC|  |TAMS 0x0000000708200000| PB 0x0000000708200000| Complete |  0
|  29|0x0000000708400000, 0x0000000708600000, 0x0000000708600000|100%|HS|  |TAMS 0x0000000708400000| PB 0x0000000708400000| Complete |  0
|  30|0x0000000708600000, 0x0000000708800000, 0x0000000708800000|100%|HC|  |TAMS 0x0000000708600000| PB 0x0000000708600000| Complete |  0
|  31|0x0000000708800000, 0x0000000708a00000, 0x0000000708a00000|100%|HC|  |TAMS 0x0000000708800000| PB 0x0000000708800000| Complete |  0
|  32|0x0000000708a00000, 0x0000000708c00000, 0x0000000708c00000|100%|HS|  |TAMS 0x0000000708a00000| PB 0x0000000708a00000| Complete |  0
|  33|0x0000000708c00000, 0x0000000708e00000, 0x0000000708e00000|100%|HC|  |TAMS 0x0000000708c00000| PB 0x0000000708c00000| Complete |  0
|  34|0x0000000708e00000, 0x0000000709000000, 0x0000000709000000|100%|HC|  |TAMS 0x0000000708e00000| PB 0x0000000708e00000| Complete |  0
|  35|0x0000000709000000, 0x0000000709000000, 0x0000000709200000|  0%| F|  |TAMS 0x0000000709000000| PB 0x0000000709000000| Untracked |  0
|  36|0x0000000709200000, 0x0000000709200000, 0x0000000709400000|  0%| F|  |TAMS 0x0000000709200000| PB 0x0000000709200000| Untracked |  0
|  37|0x0000000709400000, 0x0000000709400000, 0x0000000709600000|  0%| F|  |TAMS 0x0000000709400000| PB 0x0000000709400000| Untracked |  0
|  38|0x0000000709600000, 0x0000000709600000, 0x0000000709800000|  0%| F|  |TAMS 0x0000000709600000| PB 0x0000000709600000| Untracked |  0
|  39|0x0000000709800000, 0x0000000709800000, 0x0000000709a00000|  0%| F|  |TAMS 0x0000000709800000| PB 0x0000000709800000| Untracked |  0
|  40|0x0000000709a00000, 0x0000000709a00000, 0x0000000709c00000|  0%| F|  |TAMS 0x0000000709a00000| PB 0x0000000709a00000| Untracked |  0
|  41|0x0000000709c00000, 0x0000000709c00000, 0x0000000709e00000|  0%| F|  |TAMS 0x0000000709c00000| PB 0x0000000709c00000| Untracked |  0
|  42|0x0000000709e00000, 0x0000000709e00000, 0x000000070a000000|  0%| F|  |TAMS 0x0000000709e00000| PB 0x0000000709e00000| Untracked |  0
|  43|0x000000070a000000, 0x000000070a000000, 0x000000070a200000|  0%| F|  |TAMS 0x000000070a000000| PB 0x000000070a000000| Untracked |  0
|  44|0x000000070a200000, 0x000000070a200000, 0x000000070a400000|  0%| F|  |TAMS 0x000000070a200000| PB 0x000000070a200000| Untracked |  0
|  45|0x000000070a400000, 0x000000070a400000, 0x000000070a600000|  0%| F|  |TAMS 0x000000070a400000| PB 0x000000070a400000| Untracked |  0
|  46|0x000000070a600000, 0x000000070a600000, 0x000000070a800000|  0%| F|  |TAMS 0x000000070a600000| PB 0x000000070a600000| Untracked |  0
|  47|0x000000070a800000, 0x000000070a800000, 0x000000070aa00000|  0%| F|  |TAMS 0x000000070a800000| PB 0x000000070a800000| Untracked |  0
|  48|0x000000070aa00000, 0x000000070aa00000, 0x000000070ac00000|  0%| F|  |TAMS 0x000000070aa00000| PB 0x000000070aa00000| Untracked |  0
|  49|0x000000070ac00000, 0x000000070ac00000, 0x000000070ae00000|  0%| F|  |TAMS 0x000000070ac00000| PB 0x000000070ac00000| Untracked |  0
|  50|0x000000070ae00000, 0x000000070ae00000, 0x000000070b000000|  0%| F|  |TAMS 0x000000070ae00000| PB 0x000000070ae00000| Untracked |  0
|  51|0x000000070b000000, 0x000000070b000000, 0x000000070b200000|  0%| F|  |TAMS 0x000000070b000000| PB 0x000000070b000000| Untracked |  0
|  52|0x000000070b200000, 0x000000070b200000, 0x000000070b400000|  0%| F|  |TAMS 0x000000070b200000| PB 0x000000070b200000| Untracked |  0
|  53|0x000000070b400000, 0x000000070b400000, 0x000000070b600000|  0%| F|  |TAMS 0x000000070b400000| PB 0x000000070b400000| Untracked |  0
|  54|0x000000070b600000, 0x000000070b600000, 0x000000070b800000|  0%| F|  |TAMS 0x000000070b600000| PB 0x000000070b600000| Untracked |  0
|  55|0x000000070b800000, 0x000000070b800000, 0x000000070ba00000|  0%| F|  |TAMS 0x000000070b800000| PB 0x000000070b800000| Untracked |  0
|  56|0x000000070ba00000, 0x000000070ba00000, 0x000000070bc00000|  0%| F|  |TAMS 0x000000070ba00000| PB 0x000000070ba00000| Untracked |  0
|  57|0x000000070bc00000, 0x000000070bc00000, 0x000000070be00000|  0%| F|  |TAMS 0x000000070bc00000| PB 0x000000070bc00000| Untracked |  0
|  58|0x000000070be00000, 0x000000070be00000, 0x000000070c000000|  0%| F|  |TAMS 0x000000070be00000| PB 0x000000070be00000| Untracked |  0
|  59|0x000000070c000000, 0x000000070c000000, 0x000000070c200000|  0%| F|  |TAMS 0x000000070c000000| PB 0x000000070c000000| Untracked |  0
|  60|0x000000070c200000, 0x000000070c200000, 0x000000070c400000|  0%| F|  |TAMS 0x000000070c200000| PB 0x000000070c200000| Untracked |  0
|  61|0x000000070c400000, 0x000000070c400000, 0x000000070c600000|  0%| F|  |TAMS 0x000000070c400000| PB 0x000000070c400000| Untracked |  0
|  62|0x000000070c600000, 0x000000070c600000, 0x000000070c800000|  0%| F|  |TAMS 0x000000070c600000| PB 0x000000070c600000| Untracked |  0
|  63|0x000000070c800000, 0x000000070c800000, 0x000000070ca00000|  0%| F|  |TAMS 0x000000070c800000| PB 0x000000070c800000| Untracked |  0
|  64|0x000000070ca00000, 0x000000070ca00000, 0x000000070cc00000|  0%| F|  |TAMS 0x000000070ca00000| PB 0x000000070ca00000| Untracked |  0
|  65|0x000000070cc00000, 0x000000070cc00000, 0x000000070ce00000|  0%| F|  |TAMS 0x000000070cc00000| PB 0x000000070cc00000| Untracked |  0
|  66|0x000000070ce00000, 0x000000070ce00000, 0x000000070d000000|  0%| F|  |TAMS 0x000000070ce00000| PB 0x000000070ce00000| Untracked |  0
|  67|0x000000070d000000, 0x000000070d000000, 0x000000070d200000|  0%| F|  |TAMS 0x000000070d000000| PB 0x000000070d000000| Untracked |  0
|  68|0x000000070d200000, 0x000000070d200000, 0x000000070d400000|  0%| F|  |TAMS 0x000000070d200000| PB 0x000000070d200000| Untracked |  0
|  69|0x000000070d400000, 0x000000070d400000, 0x000000070d600000|  0%| F|  |TAMS 0x000000070d400000| PB 0x000000070d400000| Untracked |  0
|  70|0x000000070d600000, 0x000000070d600000, 0x000000070d800000|  0%| F|  |TAMS 0x000000070d600000| PB 0x000000070d600000| Untracked |  0
|  71|0x000000070d800000, 0x000000070d800000, 0x000000070da00000|  0%| F|  |TAMS 0x000000070d800000| PB 0x000000070d800000| Untracked |  0
|  72|0x000000070da00000, 0x000000070da00000, 0x000000070dc00000|  0%| F|  |TAMS 0x000000070da00000| PB 0x000000070da00000| Untracked |  0
|  73|0x000000070dc00000, 0x000000070dc00000, 0x000000070de00000|  0%| F|  |TAMS 0x000000070dc00000| PB 0x000000070dc00000| Untracked |  0
|  74|0x000000070de00000, 0x000000070de00000, 0x000000070e000000|  0%| F|  |TAMS 0x000000070de00000| PB 0x000000070de00000| Untracked |  0
|  75|0x000000070e000000, 0x000000070e000000, 0x000000070e200000|  0%| F|  |TAMS 0x000000070e000000| PB 0x000000070e000000| Untracked |  0
|  76|0x000000070e200000, 0x000000070e200000, 0x000000070e400000|  0%| F|  |TAMS 0x000000070e200000| PB 0x000000070e200000| Untracked |  0
|  77|0x000000070e400000, 0x000000070e400000, 0x000000070e600000|  0%| F|  |TAMS 0x000000070e400000| PB 0x000000070e400000| Untracked |  0
|  78|0x000000070e600000, 0x000000070e600000, 0x000000070e800000|  0%| F|  |TAMS 0x000000070e600000| PB 0x000000070e600000| Untracked |  0
|  79|0x000000070e800000, 0x000000070e800000, 0x000000070ea00000|  0%| F|  |TAMS 0x000000070e800000| PB 0x000000070e800000| Untracked |  0
|  80|0x000000070ea00000, 0x000000070ea00000, 0x000000070ec00000|  0%| F|  |TAMS 0x000000070ea00000| PB 0x000000070ea00000| Untracked |  0
|  81|0x000000070ec00000, 0x000000070ec00000, 0x000000070ee00000|  0%| F|  |TAMS 0x000000070ec00000| PB 0x000000070ec00000| Untracked |  0
|  82|0x000000070ee00000, 0x000000070ee00000, 0x000000070f000000|  0%| F|  |TAMS 0x000000070ee00000| PB 0x000000070ee00000| Untracked |  0
|  83|0x000000070f000000, 0x000000070f000000, 0x000000070f200000|  0%| F|  |TAMS 0x000000070f000000| PB 0x000000070f000000| Untracked |  0
|  84|0x000000070f200000, 0x000000070f200000, 0x000000070f400000|  0%| F|  |TAMS 0x000000070f200000| PB 0x000000070f200000| Untracked |  0
|  85|0x000000070f400000, 0x000000070f400000, 0x000000070f600000|  0%| F|  |TAMS 0x000000070f400000| PB 0x000000070f400000| Untracked |  0
|  86|0x000000070f600000, 0x000000070f600000, 0x000000070f800000|  0%| F|  |TAMS 0x000000070f600000| PB 0x000000070f600000| Untracked |  0
|  87|0x000000070f800000, 0x000000070f800000, 0x000000070fa00000|  0%| F|  |TAMS 0x000000070f800000| PB 0x000000070f800000| Untracked |  0
|  88|0x000000070fa00000, 0x000000070fa00000, 0x000000070fc00000|  0%| F|  |TAMS 0x000000070fa00000| PB 0x000000070fa00000| Untracked |  0
|  89|0x000000070fc00000, 0x000000070fc00000, 0x000000070fe00000|  0%| F|  |TAMS 0x000000070fc00000| PB 0x000000070fc00000| Untracked |  0
|  90|0x000000070fe00000, 0x000000070fe00000, 0x0000000710000000|  0%| F|  |TAMS 0x000000070fe00000| PB 0x000000070fe00000| Untracked |  0
|  91|0x0000000710000000, 0x0000000710000000, 0x0000000710200000|  0%| F|  |TAMS 0x0000000710000000| PB 0x0000000710000000| Untracked |  0
|  92|0x0000000710200000, 0x0000000710200000, 0x0000000710400000|  0%| F|  |TAMS 0x0000000710200000| PB 0x0000000710200000| Untracked |  0
|  93|0x0000000710400000, 0x0000000710400000, 0x0000000710600000|  0%| F|  |TAMS 0x0000000710400000| PB 0x0000000710400000| Untracked |  0
|  94|0x0000000710600000, 0x0000000710600000, 0x0000000710800000|  0%| F|  |TAMS 0x0000000710600000| PB 0x0000000710600000| Untracked |  0
|  95|0x0000000710800000, 0x0000000710800000, 0x0000000710a00000|  0%| F|  |TAMS 0x0000000710800000| PB 0x0000000710800000| Untracked |  0
|  96|0x0000000710a00000, 0x0000000710b32ab8, 0x0000000710c00000| 59%| S|CS|TAMS 0x0000000710a00000| PB 0x0000000710a00000| Complete |  0
|  97|0x0000000710c00000, 0x0000000710e00000, 0x0000000710e00000|100%| S|CS|TAMS 0x0000000710c00000| PB 0x0000000710c00000| Complete |  0
|  98|0x0000000710e00000, 0x0000000711000000, 0x0000000711000000|100%| S|CS|TAMS 0x0000000710e00000| PB 0x0000000710e00000| Complete |  0
|  99|0x0000000711000000, 0x0000000711000000, 0x0000000711200000|  0%| F|  |TAMS 0x0000000711000000| PB 0x0000000711000000| Untracked |  0
| 100|0x0000000711200000, 0x0000000711200000, 0x0000000711400000|  0%| F|  |TAMS 0x0000000711200000| PB 0x0000000711200000| Untracked |  0
| 101|0x0000000711400000, 0x0000000711400000, 0x0000000711600000|  0%| F|  |TAMS 0x0000000711400000| PB 0x0000000711400000| Untracked |  0
| 102|0x0000000711600000, 0x0000000711600000, 0x0000000711800000|  0%| F|  |TAMS 0x0000000711600000| PB 0x0000000711600000| Untracked |  0
| 103|0x0000000711800000, 0x0000000711800000, 0x0000000711a00000|  0%| F|  |TAMS 0x0000000711800000| PB 0x0000000711800000| Untracked |  0
| 104|0x0000000711a00000, 0x0000000711a00000, 0x0000000711c00000|  0%| F|  |TAMS 0x0000000711a00000| PB 0x0000000711a00000| Untracked |  0
| 105|0x0000000711c00000, 0x0000000711c00000, 0x0000000711e00000|  0%| F|  |TAMS 0x0000000711c00000| PB 0x0000000711c00000| Untracked |  0
| 106|0x0000000711e00000, 0x0000000711e00000, 0x0000000712000000|  0%| F|  |TAMS 0x0000000711e00000| PB 0x0000000711e00000| Untracked |  0
| 107|0x0000000712000000, 0x0000000712000000, 0x0000000712200000|  0%| F|  |TAMS 0x0000000712000000| PB 0x0000000712000000| Untracked |  0
| 108|0x0000000712200000, 0x0000000712200000, 0x0000000712400000|  0%| F|  |TAMS 0x0000000712200000| PB 0x0000000712200000| Untracked |  0
| 109|0x0000000712400000, 0x0000000712400000, 0x0000000712600000|  0%| F|  |TAMS 0x0000000712400000| PB 0x0000000712400000| Untracked |  0
| 110|0x0000000712600000, 0x0000000712600000, 0x0000000712800000|  0%| F|  |TAMS 0x0000000712600000| PB 0x0000000712600000| Untracked |  0
| 111|0x0000000712800000, 0x0000000712800000, 0x0000000712a00000|  0%| F|  |TAMS 0x0000000712800000| PB 0x0000000712800000| Untracked |  0
| 112|0x0000000712a00000, 0x0000000712a00000, 0x0000000712c00000|  0%| F|  |TAMS 0x0000000712a00000| PB 0x0000000712a00000| Untracked |  0
| 113|0x0000000712c00000, 0x0000000712c00000, 0x0000000712e00000|  0%| F|  |TAMS 0x0000000712c00000| PB 0x0000000712c00000| Untracked |  0
| 114|0x0000000712e00000, 0x0000000712e00000, 0x0000000713000000|  0%| F|  |TAMS 0x0000000712e00000| PB 0x0000000712e00000| Untracked |  0
| 115|0x0000000713000000, 0x000000071316a348, 0x0000000713200000| 70%| E|  |TAMS 0x0000000713000000| PB 0x0000000713000000| Complete |  0
| 116|0x0000000713200000, 0x0000000713400000, 0x0000000713400000|100%| E|CS|TAMS 0x0000000713200000| PB 0x0000000713200000| Complete |  0
| 117|0x0000000713400000, 0x0000000713600000, 0x0000000713600000|100%| E|CS|TAMS 0x0000000713400000| PB 0x0000000713400000| Complete |  1
| 118|0x0000000713600000, 0x0000000713800000, 0x0000000713800000|100%| E|CS|TAMS 0x0000000713600000| PB 0x0000000713600000| Complete |  0
| 119|0x0000000713800000, 0x0000000713a00000, 0x0000000713a00000|100%| E|CS|TAMS 0x0000000713800000| PB 0x0000000713800000| Complete |  0
| 120|0x0000000713a00000, 0x0000000713c00000, 0x0000000713c00000|100%| E|CS|TAMS 0x0000000713a00000| PB 0x0000000713a00000| Complete |  0
| 121|0x0000000713c00000, 0x0000000713e00000, 0x0000000713e00000|100%| E|CS|TAMS 0x0000000713c00000| PB 0x0000000713c00000| Complete |  0
| 122|0x0000000713e00000, 0x0000000714000000, 0x0000000714000000|100%| E|CS|TAMS 0x0000000713e00000| PB 0x0000000713e00000| Complete |  0
| 123|0x0000000714000000, 0x0000000714200000, 0x0000000714200000|100%| E|CS|TAMS 0x0000000714000000| PB 0x0000000714000000| Complete |  0
| 124|0x0000000714200000, 0x0000000714400000, 0x0000000714400000|100%| E|CS|TAMS 0x0000000714200000| PB 0x0000000714200000| Complete |  0
| 125|0x0000000714400000, 0x0000000714600000, 0x0000000714600000|100%| E|CS|TAMS 0x0000000714400000| PB 0x0000000714400000| Complete |  0

Card table byte_map: [0x000001c5fd190000,0x000001c5fd970000] _byte_map_base: 0x000001c5f996b000

Marking Bits: (CMBitMap*) 0x000001c5e29ae590
 Bits: [0x000001c580000000, 0x000001c583ed8000)

Polling page: 0x000001c5e43e0000

Metaspace:

Usage:
  Non-class:      8.85 MB used.
      Class:      1.09 MB used.
       Both:      9.95 MB used.

Virtual space:
  Non-class space:       64.00 MB reserved,       8.94 MB ( 14%) committed,  1 nodes.
      Class space:        1.00 GB reserved,       1.19 MB ( <1%) committed,  1 nodes.
             Both:        1.06 GB reserved,      10.12 MB ( <1%) committed. 

Chunk freelists:
   Non-Class:  6.95 MB
       Class:  14.72 MB
        Both:  21.66 MB

MaxMetaspaceSize: unlimited
CompressedClassSpaceSize: 1.00 GB
Initial GC threshold: 21.00 MB
Current GC threshold: 21.00 MB
CDS: on
 - commit_granule_bytes: 65536.
 - commit_granule_words: 8192.
 - virtual_space_node_default_size: 8388608.
 - enlarge_chunks_in_place: 1.
 - use_allocation_guard: 0.


Internal statistics:

num_allocs_failed_limit: 0.
num_arena_births: 192.
num_arena_deaths: 0.
num_vsnodes_births: 2.
num_vsnodes_deaths: 0.
num_space_committed: 162.
num_space_uncommitted: 0.
num_chunks_returned_to_freelist: 0.
num_chunks_taken_from_freelist: 258.
num_chunk_merges: 0.
num_chunk_splits: 148.
num_chunks_enlarged: 56.
num_inconsistent_stats: 0.

CodeHeap 'non-profiled nmethods': size=120064Kb used=1129Kb max_used=1129Kb free=118935Kb
 bounds [0x000001c5f4e10000, 0x000001c5f5080000, 0x000001c5fc350000]
CodeHeap 'profiled nmethods': size=120000Kb used=3405Kb max_used=3405Kb free=116594Kb
 bounds [0x000001c5ed350000, 0x000001c5ed6b0000, 0x000001c5f4880000]
CodeHeap 'non-nmethods': size=5696Kb used=1732Kb max_used=1796Kb free=3963Kb
 bounds [0x000001c5f4880000, 0x000001c5f4af0000, 0x000001c5f4e10000]
CodeCache: size=245760Kb, used=6266Kb, max_used=6330Kb, free=239492Kb
 total_blobs=3005, nmethods=2347, adapters=562, full_count=0
Compilation: enabled, stopped_count=0, restarted_count=0

Compilation events (20 events):
Event: 124.268 Thread 0x000001c584696a70 2338   !   3       java.awt.KeyboardFocusManager::retargetFocusEvent (244 bytes)
Event: 124.270 Thread 0x000001c584696a70 nmethod 2338 0x000001c5ed69c308 code [0x000001c5ed69c7a0, 0x000001c5ed69faf0]
Event: 124.786 Thread 0x000001c584696a70 2339       3       java.awt.Container::findComponentAtImpl (161 bytes)
Event: 124.786 Thread 0x000001c584696a70 nmethod 2339 0x000001c5ed69fc08 code [0x000001c5ed69fde0, 0x000001c5ed6a09e0]
Event: 125.323 Thread 0x000001c584696a70 2340       1       javax.swing.JScrollBar::getModel (5 bytes)
Event: 125.324 Thread 0x000001c584696a70 nmethod 2340 0x000001c5f4f29608 code [0x000001c5f4f29720, 0x000001c5f4f297f0]
Event: 125.329 Thread 0x000001c584688a80 2341       4       sun.java2d.loops.GraphicsPrimitiveMgr::locate (104 bytes)
Event: 125.329 Thread 0x000001c584696a70 2342  s    3       sun.java2d.loops.GraphicsPrimitiveMgr::locatePrim (95 bytes)
Event: 125.330 Thread 0x000001c584696a70 nmethod 2342 0x000001c5ed6a0a08 code [0x000001c5ed6a0ba0, 0x000001c5ed6a1560]
Event: 125.333 Thread 0x000001c584688a80 nmethod 2341 0x000001c5f4f29908 code [0x000001c5f4f29a20, 0x000001c5f4f29c78]
Event: 125.340 Thread 0x000001c584696a70 2343       3       sun.awt.Win32GraphicsConfig::getDefaultTransform (24 bytes)
Event: 125.340 Thread 0x000001c584696a70 nmethod 2343 0x000001c5ed6a1608 code [0x000001c5ed6a1740, 0x000001c5ed6a19c0]
Event: 125.340 Thread 0x000001c584696a70 2344       3       java.awt.geom.AffineTransform::getScaleInstance (19 bytes)
Event: 125.341 Thread 0x000001c584696a70 nmethod 2344 0x000001c5ed6a1a08 code [0x000001c5ed6a1b40, 0x000001c5ed6a1d28]
Event: 125.341 Thread 0x000001c584696a70 2345       3       java.awt.geom.AffineTransform::equals (104 bytes)
Event: 125.341 Thread 0x000001c584688a80 2346       4       java.util.IdentityHashMap::clear (39 bytes)
Event: 125.342 Thread 0x000001c584696a70 nmethod 2345 0x000001c5ed6a1d88 code [0x000001c5ed6a1fa0, 0x000001c5ed6a3438]
Event: 125.346 Thread 0x000001c584688a80 nmethod 2346 0x000001c5f4f29d08 code [0x000001c5f4f29e20, 0x000001c5f4f2a0c0]
Event: 126.197 Thread 0x000001c584688a80 2347   !   4       java.awt.Insets::clone (15 bytes)
Event: 126.199 Thread 0x000001c584688a80 nmethod 2347 0x000001c5f4f2a108 code [0x000001c5f4f2a220, 0x000001c5f4f2a3b0]

GC Heap History (8 events):
Event: 16.603 GC heap before
{Heap before GC invocations=0 (full 0):
 garbage-first heap   total reserved 4118528K, committed 258048K, used 30720K [0x0000000704a00000, 0x0000000800000000)
  region size 2048K, 12 young (24576K), 0 survivors (0K)
 Metaspace       used 9394K, committed 9664K, reserved 1114112K
  class space    used 1098K, committed 1216K, reserved 1048576K
}
Event: 16.613 GC heap after
{Heap after GC invocations=1 (full 0):
 garbage-first heap   total reserved 4118528K, committed 258048K, used 20439K [0x0000000704a00000, 0x0000000800000000)
  region size 2048K, 2 young (4096K), 2 survivors (4096K)
 Metaspace       used 9394K, committed 9664K, reserved 1114112K
  class space    used 1098K, committed 1216K, reserved 1048576K
}
Event: 16.805 GC heap before
{Heap before GC invocations=1 (full 0):
 garbage-first heap   total reserved 4118528K, committed 258048K, used 36823K [0x0000000704a00000, 0x0000000800000000)
  region size 2048K, 11 young (22528K), 2 survivors (4096K)
 Metaspace       used 9448K, committed 9664K, reserved 1114112K
  class space    used 1098K, committed 1216K, reserved 1048576K
}
Event: 16.811 GC heap after
{Heap after GC invocations=2 (full 0):
 garbage-first heap   total reserved 4118528K, committed 258048K, used 31137K [0x0000000704a00000, 0x0000000800000000)
  region size 2048K, 2 young (4096K), 2 survivors (4096K)
 Metaspace       used 9448K, committed 9664K, reserved 1114112K
  class space    used 1098K, committed 1216K, reserved 1048576K
}
Event: 17.332 GC heap before
{Heap before GC invocations=2 (full 0):
 garbage-first heap   total reserved 4118528K, committed 258048K, used 72097K [0x0000000704a00000, 0x0000000800000000)
  region size 2048K, 23 young (47104K), 2 survivors (4096K)
 Metaspace       used 9508K, committed 9728K, reserved 1114112K
  class space    used 1099K, committed 1216K, reserved 1048576K
}
Event: 17.341 GC heap after
{Heap after GC invocations=3 (full 0):
 garbage-first heap   total reserved 4118528K, committed 258048K, used 48703K [0x0000000704a00000, 0x0000000800000000)
  region size 2048K, 3 young (6144K), 3 survivors (6144K)
 Metaspace       used 9508K, committed 9728K, reserved 1114112K
  class space    used 1099K, committed 1216K, reserved 1048576K
}
Event: 68.284 GC heap before
{Heap before GC invocations=3 (full 0):
 garbage-first heap   total reserved 4118528K, committed 258048K, used 95807K [0x0000000704a00000, 0x0000000800000000)
  region size 2048K, 27 young (55296K), 3 survivors (6144K)
 Metaspace       used 10003K, committed 10240K, reserved 1114112K
  class space    used 1104K, committed 1216K, reserved 1048576K
}
Event: 68.289 GC heap after
{Heap after GC invocations=4 (full 0):
 garbage-first heap   total reserved 4118528K, committed 258048K, used 54873K [0x0000000704a00000, 0x0000000800000000)
  region size 2048K, 3 young (6144K), 3 survivors (6144K)
 Metaspace       used 10003K, committed 10240K, reserved 1114112K
  class space    used 1104K, committed 1216K, reserved 1048576K
}

Dll operation events (13 events):
Event: 0.012 Loaded shared library C:\Users\GF63\.jdks\openjdk-23\bin\java.dll
Event: 0.051 Loaded shared library C:\Users\GF63\.jdks\openjdk-23\bin\jsvml.dll
Event: 0.104 Loaded shared library C:\Users\GF63\.jdks\openjdk-23\bin\zip.dll
Event: 0.108 Loaded shared library C:\Users\GF63\.jdks\openjdk-23\bin\instrument.dll
Event: 0.113 Loaded shared library C:\Users\GF63\.jdks\openjdk-23\bin\net.dll
Event: 0.115 Loaded shared library C:\Users\GF63\.jdks\openjdk-23\bin\nio.dll
Event: 0.119 Loaded shared library C:\Users\GF63\.jdks\openjdk-23\bin\zip.dll
Event: 0.128 Loaded shared library C:\Program Files\JetBrains\IntelliJ IDEA 2024.2.2\bin\breakgen64.dll
Event: 0.142 Loaded shared library C:\Users\GF63\.jdks\openjdk-23\bin\extnet.dll
Event: 0.146 Loaded shared library C:\Users\GF63\.jdks\openjdk-23\bin\jimage.dll
Event: 0.168 Loaded shared library C:\Users\GF63\.jdks\openjdk-23\bin\awt.dll
Event: 0.339 Loaded shared library C:\Users\GF63\.jdks\openjdk-23\bin\freetype.dll
Event: 0.340 Loaded shared library C:\Users\GF63\.jdks\openjdk-23\bin\fontmanager.dll

Deoptimization events (20 events):
Event: 125.329 Thread 0x000001c5cac4fe30 DEOPT PACKING pc=0x000001c5f4eb71e0 sp=0x000000be813febc0
Event: 125.329 Thread 0x000001c5cac4fe30 DEOPT UNPACKING pc=0x000001c5f48d7982 sp=0x000000be813feae0 mode 2
Event: 125.329 Thread 0x000001c5cac4fe30 Uncommon trap: trap_request=0xffffffb5 fr.pc=0x000001c5f4f28aec relative=0x000000000000058c
Event: 125.329 Thread 0x000001c5cac4fe30 Uncommon trap: reason=unloaded action=reinterpret pc=0x000001c5f4f28aec method=sun.java2d.SunGraphics2D.untransformShape(Ljava/awt/Shape;)Ljava/awt/Shape; @ 26 c2
Event: 125.329 Thread 0x000001c5cac4fe30 DEOPT PACKING pc=0x000001c5f4f28aec sp=0x000000be813feb40
Event: 125.329 Thread 0x000001c5cac4fe30 DEOPT UNPACKING pc=0x000001c5f48d7982 sp=0x000000be813fea80 mode 2
Event: 125.329 Thread 0x000001c5cac4fe30 Uncommon trap: trap_request=0xffffff45 fr.pc=0x000001c5f4f15a64 relative=0x0000000000001ca4
Event: 125.329 Thread 0x000001c5cac4fe30 Uncommon trap: reason=unstable_if action=reinterpret pc=0x000001c5f4f15a64 method=javax.swing.JComponent.paint(Ljava/awt/Graphics;)V @ 6 c2
Event: 125.329 Thread 0x000001c5cac4fe30 DEOPT PACKING pc=0x000001c5f4f15a64 sp=0x000000be813fe9e0
Event: 125.329 Thread 0x000001c5cac4fe30 DEOPT UNPACKING pc=0x000001c5f48d7982 sp=0x000000be813fe970 mode 2
Event: 125.330 Thread 0x000001c5cac4fe30 Uncommon trap: trap_request=0xffffff45 fr.pc=0x000001c5f4ed6e14 relative=0x0000000000000154
Event: 125.330 Thread 0x000001c5cac4fe30 Uncommon trap: reason=unstable_if action=reinterpret pc=0x000001c5f4ed6e14 method=java.awt.geom.AffineTransform.setToScale(DD)V @ 33 c2
Event: 125.330 Thread 0x000001c5cac4fe30 DEOPT PACKING pc=0x000001c5f4ed6e14 sp=0x000000be813fed80
Event: 125.330 Thread 0x000001c5cac4fe30 DEOPT UNPACKING pc=0x000001c5f48d7982 sp=0x000000be813fec10 mode 2
Event: 125.330 Thread 0x000001c5cac4fe30 Uncommon trap: trap_request=0xffffff45 fr.pc=0x000001c5f4ed6060 relative=0x0000000000000120
Event: 125.330 Thread 0x000001c5cac4fe30 Uncommon trap: reason=unstable_if action=reinterpret pc=0x000001c5f4ed6060 method=java.awt.geom.AffineTransform.setToScale(DD)V @ 33 c2
Event: 125.330 Thread 0x000001c5cac4fe30 DEOPT PACKING pc=0x000001c5f4ed6060 sp=0x000000be813fec50
Event: 125.330 Thread 0x000001c5cac4fe30 DEOPT UNPACKING pc=0x000001c5f48d7982 sp=0x000000be813feb78 mode 2
Event: 125.341 Thread 0x000001c5cac4fe30 DEOPT PACKING pc=0x000001c5ed48da01 sp=0x000000be813feee0
Event: 125.341 Thread 0x000001c5cac4fe30 DEOPT UNPACKING pc=0x000001c5f48d84c2 sp=0x000000be813fe370 mode 0

Classes loaded (20 events):
Event: 98.388 Loading class java/awt/event/MouseWheelEvent
Event: 98.389 Loading class java/awt/event/MouseWheelEvent done
Event: 123.217 Loading class java/util/WeakHashMap$KeyIterator
Event: 123.217 Loading class java/util/WeakHashMap$HashIterator
Event: 123.217 Loading class java/util/WeakHashMap$HashIterator done
Event: 123.217 Loading class java/util/WeakHashMap$KeyIterator done
Event: 123.218 Loading class java/awt/IllegalComponentStateException
Event: 123.218 Loading class java/awt/IllegalComponentStateException done
Event: 123.218 Loading class java/lang/Throwable$WrappedPrintStream
Event: 123.218 Loading class java/lang/Throwable$PrintStreamOrWriter
Event: 123.218 Loading class java/lang/Throwable$PrintStreamOrWriter done
Event: 123.218 Loading class java/lang/Throwable$WrappedPrintStream done
Event: 123.219 Loading class java/lang/StackTraceElement$HashedModules
Event: 123.219 Loading class java/lang/StackTraceElement$HashedModules done
Event: 123.220 Loading class java/awt/AWTError
Event: 123.220 Loading class java/awt/AWTError done
Event: 123.840 Loading class java/awt/geom/NoninvertibleTransformException
Event: 123.841 Loading class java/awt/geom/NoninvertibleTransformException done
Event: 125.339 Loading class javax/swing/RepaintManager$DisplayChangedRunnable
Event: 125.339 Loading class javax/swing/RepaintManager$DisplayChangedRunnable done

Classes unloaded (0 events):
No events

Classes redefined (0 events):
No events

Internal exceptions (20 events):
Event: 0.271 Thread 0x000001c5e4c4d8b0 Exception <a 'java/lang/NoSuchMethodError'{0x000000071408c358}: 'void java.lang.invoke.DirectMethodHandle$Holder.invokeSpecial(java.lang.Object, java.lang.Object, java.lang.Object)'> (0x000000071408c358) 
thrown [s\open\src\hotspot\share\interpreter\linkResolver.cpp, line 796]
Event: 0.284 Thread 0x000001c5e4c4d8b0 Exception <a 'java/lang/NoSuchMethodError'{0x00000007140db820}: 'java.lang.Object java.lang.invoke.DirectMethodHandle$Holder.invokeStatic(java.lang.Object, int, java.lang.Object)'> (0x00000007140db820) 
thrown [s\open\src\hotspot\share\interpreter\linkResolver.cpp, line 796]
Event: 0.305 Thread 0x000001c5e4c4d8b0 Exception <a 'java/lang/ClassNotFoundException'{0x0000000714185298}: com/sun/swing/internal/plaf/metal/resources/spi/metalProvider> (0x0000000714185298) 
thrown [s\open\src\hotspot\share\classfile\systemDictionary.cpp, line 313]
Event: 0.306 Thread 0x000001c5e4c4d8b0 Exception <a 'java/lang/ClassNotFoundException'{0x0000000714189008}: com/sun/swing/internal/plaf/basic/resources/spi/basicProvider> (0x0000000714189008) 
thrown [s\open\src\hotspot\share\classfile\systemDictionary.cpp, line 313]
Event: 0.318 Thread 0x000001c5cabe48a0 Exception <a 'java/lang/NoSuchMethodError'{0x00000007141f5d88}: 'java.lang.Object java.lang.invoke.DirectMethodHandle$Holder.newInvokeSpecial(java.lang.Object, java.lang.Object, java.lang.Object, int, int, int, int, int)'> (0x00000007141f5d88) 
thrown [s\open\src\hotspot\share\interpreter\linkResolver.cpp, line 796]
Event: 0.333 Thread 0x000001c5e4c4d8b0 Exception <a 'java/lang/NoSuchMethodError'{0x00000007141b7448}: 'int java.lang.invoke.Invokers$Holder.invokeExact_MT(java.lang.Object, java.lang.Object)'> (0x00000007141b7448) 
thrown [s\open\src\hotspot\share\interpreter\linkResolver.cpp, line 796]
Event: 0.413 Thread 0x000001c584a5c380 Exception <a 'java/lang/NoSuchMethodError'{0x000000071400e520}: 'void java.lang.invoke.DirectMethodHandle$Holder.invokeVirtual(java.lang.Object, java.lang.Object)'> (0x000000071400e520) 
thrown [s\open\src\hotspot\share\interpreter\linkResolver.cpp, line 796]
Event: 0.426 Thread 0x000001c5e4c4d8b0 Exception <a 'java/lang/NoSuchMethodError'{0x0000000713ee95a0}: 'void java.lang.invoke.DirectMethodHandle$Holder.invokeStaticInit(java.lang.Object)'> (0x0000000713ee95a0) 
thrown [s\open\src\hotspot\share\interpreter\linkResolver.cpp, line 796]
Event: 0.499 Thread 0x000001c5e4c4d8b0 Exception <a 'java/lang/NoSuchMethodError'{0x0000000713fb57e0}: 'int java.lang.invoke.DirectMethodHandle$Holder.invokeStatic(java.lang.Object)'> (0x0000000713fb57e0) 
thrown [s\open\src\hotspot\share\interpreter\linkResolver.cpp, line 796]
Event: 95.954 Thread 0x000001c5cac4fe30 Implicit null exception at 0x000001c5f4edb829 to 0x000001c5f4edc19c
Event: 95.954 Thread 0x000001c5cac4fe30 Implicit null exception at 0x000001c5f4ee1760 to 0x000001c5f4ee1b74
Event: 123.201 Thread 0x000001c5cac4fe30 Exception <a 'sun/java2d/InvalidPipeException'{0x00000007130ca448}: bounds changed> (0x00000007130ca448) 
thrown [s\open\src\hotspot\share\prims\jni.cpp, line 539]
Event: 123.201 Thread 0x000001c5cac4fe30 Exception <a 'sun/java2d/InvalidPipeException'{0x00000007130caa68}: bounds changed> (0x00000007130caa68) 
thrown [s\open\src\hotspot\share\prims\jni.cpp, line 539]
Event: 123.203 Thread 0x000001c5cac4fe30 Exception <a 'sun/java2d/InvalidPipeException'{0x00000007130d1c60}: bounds changed> (0x00000007130d1c60) 
thrown [s\open\src\hotspot\share\prims\jni.cpp, line 539]
Event: 123.203 Thread 0x000001c5cac4fe30 Exception <a 'sun/java2d/InvalidPipeException'{0x00000007130d2280}: bounds changed> (0x00000007130d2280) 
thrown [s\open\src\hotspot\share\prims\jni.cpp, line 539]
Event: 123.204 Thread 0x000001c5cac4fe30 Exception <a 'sun/java2d/InvalidPipeException'{0x00000007130d88b0}: bounds changed> (0x00000007130d88b0) 
thrown [s\open\src\hotspot\share\prims\jni.cpp, line 539]
Event: 123.204 Thread 0x000001c5cac4fe30 Exception <a 'sun/java2d/InvalidPipeException'{0x00000007130d8ed0}: bounds changed> (0x00000007130d8ed0) 
thrown [s\open\src\hotspot\share\prims\jni.cpp, line 539]
Event: 123.205 Thread 0x000001c5cac4fe30 Exception <a 'sun/java2d/InvalidPipeException'{0x00000007130e0118}: bounds changed> (0x00000007130e0118) 
thrown [s\open\src\hotspot\share\prims\jni.cpp, line 539]
Event: 123.205 Thread 0x000001c5cac4fe30 Exception <a 'sun/java2d/InvalidPipeException'{0x00000007130e0738}: bounds changed> (0x00000007130e0738) 
thrown [s\open\src\hotspot\share\prims\jni.cpp, line 539]
Event: 123.840 Thread 0x000001c5cac4fe30 Implicit null exception at 0x000001c5f4f0f139 to 0x000001c5f4f12231

VM Operations (20 events):
Event: 16.232 Executing VM operation: HandshakeAllThreads (Deoptimize)
Event: 16.232 Executing VM operation: HandshakeAllThreads (Deoptimize) done
Event: 16.262 Executing VM operation: HandshakeAllThreads (Deoptimize)
Event: 16.262 Executing VM operation: HandshakeAllThreads (Deoptimize) done
Event: 16.603 Executing VM operation: G1CollectForAllocation (G1 Evacuation Pause)
Event: 16.613 Executing VM operation: G1CollectForAllocation (G1 Evacuation Pause) done
Event: 16.805 Executing VM operation: G1CollectForAllocation (G1 Evacuation Pause)
Event: 16.811 Executing VM operation: G1CollectForAllocation (G1 Evacuation Pause) done
Event: 17.332 Executing VM operation: G1CollectForAllocation (G1 Evacuation Pause)
Event: 17.341 Executing VM operation: G1CollectForAllocation (G1 Evacuation Pause) done
Event: 60.184 Executing VM operation: HandshakeAllThreads (HandshakeForDeflation)
Event: 60.184 Executing VM operation: HandshakeAllThreads (HandshakeForDeflation) done
Event: 60.184 Executing VM operation: RendezvousGCThreads
Event: 60.184 Executing VM operation: RendezvousGCThreads done
Event: 68.284 Executing VM operation: G1CollectForAllocation (G1 Evacuation Pause)
Event: 68.289 Executing VM operation: G1CollectForAllocation (G1 Evacuation Pause) done
Event: 120.439 Executing VM operation: HandshakeAllThreads (HandshakeForDeflation)
Event: 120.439 Executing VM operation: HandshakeAllThreads (HandshakeForDeflation) done
Event: 120.439 Executing VM operation: RendezvousGCThreads
Event: 120.439 Executing VM operation: RendezvousGCThreads done

Memory protections (0 events):
No events

Nmethod flushes (0 events):
No events

Events (20 events):
Event: 38.542 Thread 0x000001c5cb2d22d0 Thread exited: 0x000001c5cb2d22d0
Event: 38.558 Thread 0x000001c5cb2d2960 Thread exited: 0x000001c5cb2d2960
Event: 68.112 Thread 0x000001c5cac4fe30 Thread added: 0x000001c5cb2d0f20
Event: 68.119 Thread 0x000001c5cac4fe30 Thread added: 0x000001c5cb2d15b0
Event: 73.167 Thread 0x000001c5cb2d0f20 Thread exited: 0x000001c5cb2d0f20
Event: 73.167 Thread 0x000001c5cb2d15b0 Thread exited: 0x000001c5cb2d15b0
Event: 76.973 Thread 0x000001c5cac4fe30 Thread added: 0x000001c5cb2d0f20
Event: 76.978 Thread 0x000001c5cac4fe30 Thread added: 0x000001c5cb2d1c40
Event: 82.014 Thread 0x000001c5cb2d1c40 Thread exited: 0x000001c5cb2d1c40
Event: 82.014 Thread 0x000001c5cb2d0f20 Thread exited: 0x000001c5cb2d0f20
Event: 82.363 Thread 0x000001c5cac4fe30 Thread added: 0x000001c5cb2d22d0
Event: 82.369 Thread 0x000001c5cac4fe30 Thread added: 0x000001c5cb2d2960
Event: 87.398 Thread 0x000001c5cb2d22d0 Thread exited: 0x000001c5cb2d22d0
Event: 87.398 Thread 0x000001c5cb2d2960 Thread exited: 0x000001c5cb2d2960
Event: 95.923 Thread 0x000001c5cac4fe30 Thread added: 0x000001c5cb2d15b0
Event: 95.943 Thread 0x000001c5cac4fe30 Thread added: 0x000001c5cb2d1c40
Event: 100.954 Thread 0x000001c5cb2d1c40 Thread exited: 0x000001c5cb2d1c40
Event: 100.954 Thread 0x000001c5cb2d15b0 Thread exited: 0x000001c5cb2d15b0
Event: 109.647 Thread 0x000001c5cac4fe30 Thread added: 0x000001c5cb2d0f20
Event: 114.739 Thread 0x000001c5cb2d0f20 Thread exited: 0x000001c5cb2d0f20


Dynamic libraries:
0x00007ff72c8a0000 - 0x00007ff72c8ae000 	C:\Users\GF63\.jdks\openjdk-23\bin\java.exe
0x00007ff991a50000 - 0x00007ff991c67000 	C:\WINDOWS\SYSTEM32\ntdll.dll
0x00007ff9906d0000 - 0x00007ff990794000 	C:\WINDOWS\System32\KERNEL32.DLL
0x00007ff98ee40000 - 0x00007ff98f1f7000 	C:\WINDOWS\System32\KERNELBASE.dll
0x00000000651b0000 - 0x00000000654e2000 	C:\Program Files\Norton Security\NortonData\22.23.5.106\Definitions\IPSDefs\20231206.064\IPSEng64.dll
0x00007ff98fc70000 - 0x00007ff98fd22000 	C:\WINDOWS\System32\ADVAPI32.dll
0x00007ff990e80000 - 0x00007ff990f27000 	C:\WINDOWS\System32\msvcrt.dll
0x00007ff98f950000 - 0x00007ff98f9f8000 	C:\WINDOWS\System32\sechost.dll
0x00007ff98ee10000 - 0x00007ff98ee38000 	C:\WINDOWS\System32\bcrypt.dll
0x00007ff990f90000 - 0x00007ff9910a4000 	C:\WINDOWS\System32\RPCRT4.dll
0x00007ff98fc60000 - 0x00007ff98fc68000 	C:\WINDOWS\System32\PSAPI.DLL
0x00007ff98f5a0000 - 0x00007ff98f6b1000 	C:\WINDOWS\System32\ucrtbase.dll
0x00007ff9786d0000 - 0x00007ff9786e7000 	C:\Users\GF63\.jdks\openjdk-23\bin\jli.dll
0x00007ff9786b0000 - 0x00007ff9786cb000 	C:\Users\GF63\.jdks\openjdk-23\bin\VCRUNTIME140.dll
0x00007ff98f7a0000 - 0x00007ff98f94f000 	C:\WINDOWS\System32\USER32.dll
0x00007ff98ed60000 - 0x00007ff98ed86000 	C:\WINDOWS\System32\win32u.dll
0x00007ff9769d0000 - 0x00007ff976c63000 	C:\WINDOWS\WinSxS\amd64_microsoft.windows.common-controls_6595b64144ccf1df_6.0.22621.3672_none_2713b9d173822955\COMCTL32.dll
0x00007ff990e00000 - 0x00007ff990e29000 	C:\WINDOWS\System32\GDI32.dll
0x00007ff98f480000 - 0x00007ff98f598000 	C:\WINDOWS\System32\gdi32full.dll
0x00007ff98f200000 - 0x00007ff98f29a000 	C:\WINDOWS\System32\msvcp_win.dll
0x00007ff98fa70000 - 0x00007ff98faa1000 	C:\WINDOWS\System32\IMM32.DLL
0x00007ff979230000 - 0x00007ff97923c000 	C:\Users\GF63\.jdks\openjdk-23\bin\vcruntime140_1.dll
0x00007ff971d40000 - 0x00007ff971dce000 	C:\Users\GF63\.jdks\openjdk-23\bin\msvcp140.dll
0x00007ff936e80000 - 0x00007ff937bcf000 	C:\Users\GF63\.jdks\openjdk-23\bin\server\jvm.dll
0x00007ff991110000 - 0x00007ff991181000 	C:\WINDOWS\System32\WS2_32.dll
0x00007ff98e3b0000 - 0x00007ff98e3fd000 	C:\WINDOWS\SYSTEM32\POWRPROF.dll
0x00007ff989390000 - 0x00007ff98939a000 	C:\WINDOWS\SYSTEM32\VERSION.dll
0x00007ff9830d0000 - 0x00007ff983104000 	C:\WINDOWS\SYSTEM32\WINMM.dll
0x00007ff98e390000 - 0x00007ff98e3a3000 	C:\WINDOWS\SYSTEM32\UMPDC.dll
0x00007ff98dde0000 - 0x00007ff98ddf8000 	C:\WINDOWS\SYSTEM32\kernel.appcore.dll
0x00007ff9786a0000 - 0x00007ff9786aa000 	C:\Users\GF63\.jdks\openjdk-23\bin\jimage.dll
0x00007ff98bc70000 - 0x00007ff98bea2000 	C:\WINDOWS\SYSTEM32\DBGHELP.DLL
0x00007ff990960000 - 0x00007ff990cee000 	C:\WINDOWS\System32\combase.dll
0x00007ff9901c0000 - 0x00007ff990297000 	C:\WINDOWS\System32\OLEAUT32.dll
0x00007ff971d00000 - 0x00007ff971d32000 	C:\WINDOWS\SYSTEM32\dbgcore.DLL
0x00007ff98ed90000 - 0x00007ff98ee0b000 	C:\WINDOWS\System32\bcryptPrimitives.dll
0x00007ff978690000 - 0x00007ff97869f000 	C:\Users\GF63\.jdks\openjdk-23\bin\instrument.dll
0x00007ff978670000 - 0x00007ff97868e000 	C:\Users\GF63\.jdks\openjdk-23\bin\java.dll
0x00007ff98fab0000 - 0x00007ff98fc55000 	C:\WINDOWS\System32\ole32.dll
0x00007ff9911a0000 - 0x00007ff991a09000 	C:\WINDOWS\System32\SHELL32.dll
0x00007ff98cc80000 - 0x00007ff98d57f000 	C:\WINDOWS\SYSTEM32\windows.storage.dll
0x00007ff98cb40000 - 0x00007ff98cc7f000 	C:\WINDOWS\SYSTEM32\wintypes.dll
0x00007ff9902c0000 - 0x00007ff9903b9000 	C:\WINDOWS\System32\SHCORE.dll
0x00007ff98fa10000 - 0x00007ff98fa6e000 	C:\WINDOWS\System32\shlwapi.dll
0x00007ff98ec90000 - 0x00007ff98ecb7000 	C:\WINDOWS\SYSTEM32\profapi.dll
0x00007ff96ba10000 - 0x00007ff96bae7000 	C:\Users\GF63\.jdks\openjdk-23\bin\jsvml.dll
0x00007ff978640000 - 0x00007ff978657000 	C:\Users\GF63\.jdks\openjdk-23\bin\zip.dll
0x00007ff978630000 - 0x00007ff978640000 	C:\Users\GF63\.jdks\openjdk-23\bin\net.dll
0x00007ff98e270000 - 0x00007ff98e2d9000 	C:\WINDOWS\system32\mswsock.dll
0x00007ff975f00000 - 0x00007ff975f16000 	C:\Users\GF63\.jdks\openjdk-23\bin\nio.dll
0x00007ff974a70000 - 0x00007ff974a8a000 	C:\Program Files\JetBrains\IntelliJ IDEA 2024.2.2\bin\breakgen64.dll
0x00007ff978620000 - 0x00007ff978629000 	C:\Users\GF63\.jdks\openjdk-23\bin\extnet.dll
0x00007ff96b880000 - 0x00007ff96ba0d000 	C:\Users\GF63\.jdks\openjdk-23\bin\awt.dll
0x00007ff98b600000 - 0x00007ff98b697000 	C:\WINDOWS\SYSTEM32\apphelp.dll
0x00007ff98c260000 - 0x00007ff98c311000 	C:\WINDOWS\system32\uxtheme.dll
0x00007ff94a2c0000 - 0x00007ff94a3f3000 	C:\ProgramData\A-Volute\A-Volute.Nahimic\Modules\Scheduled\x64\AudioDevProps2.dll
0x00007ff9904c0000 - 0x00007ff99061f000 	C:\WINDOWS\System32\MSCTF.dll
0x00007ff98c5c0000 - 0x00007ff98c5eb000 	C:\WINDOWS\system32\DWMAPI.DLL
0x00007ff96dc70000 - 0x00007ff96dcf7000 	C:\Users\GF63\.jdks\openjdk-23\bin\freetype.dll
0x00007ff96b7a0000 - 0x00007ff96b877000 	C:\Users\GF63\.jdks\openjdk-23\bin\fontmanager.dll
0x00007ff960550000 - 0x00007ff960650000 	C:\WINDOWS\system32\opengl32.dll
0x00007ff96c100000 - 0x00007ff96c12d000 	C:\WINDOWS\SYSTEM32\GLU32.dll
0x00007ff98c370000 - 0x00007ff98c3a7000 	C:\WINDOWS\SYSTEM32\dxcore.dll
0x00007ff990620000 - 0x00007ff9906d0000 	C:\WINDOWS\System32\clbcatq.dll
0x00007ff98c050000 - 0x00007ff98c201000 	C:\WINDOWS\SYSTEM32\WindowsCodecs.dll
0x00007ff960a90000 - 0x00007ff960aee000 	C:\WINDOWS\system32\dataexchange.dll
0x00007ff985460000 - 0x00007ff985702000 	C:\WINDOWS\system32\twinapi.appcore.dll
0x00007ff978840000 - 0x00007ff978983000 	C:\WINDOWS\SYSTEM32\textinputframework.dll
0x00007ff98ada0000 - 0x00007ff98aed3000 	C:\WINDOWS\SYSTEM32\CoreMessaging.dll
0x00007ff987910000 - 0x00007ff987c7d000 	C:\WINDOWS\SYSTEM32\CoreUIComponents.dll
0x00007ff98e580000 - 0x00007ff98e58c000 	C:\WINDOWS\SYSTEM32\CRYPTBASE.DLL
0x00007ff962c00000 - 0x00007ff962c6b000 	C:\WINDOWS\system32\Ninput.dll

dbghelp: loaded successfully - version: 4.0.5 - missing functions: none
symbol engine: initialized successfully - sym options: 0x614 - pdb path: .;C:\Users\GF63\.jdks\openjdk-23\bin;C:\WINDOWS\SYSTEM32;C:\Program Files\Norton Security\NortonData\22.23.5.106\Definitions\IPSDefs\20231206.064;C:\WINDOWS\WinSxS\amd64_microsoft.windows.common-controls_6595b64144ccf1df_6.0.22621.3672_none_2713b9d173822955;C:\Users\GF63\.jdks\openjdk-23\bin\server;C:\Program Files\JetBrains\IntelliJ IDEA 2024.2.2\bin;C:\ProgramData\A-Volute\A-Volute.Nahimic\Modules\Scheduled\x64

VM Arguments:
jvm_args: -javaagent:C:\Program Files\JetBrains\IntelliJ IDEA 2024.2.2\lib\idea_rt.jar=50141:C:\Program Files\JetBrains\IntelliJ IDEA 2024.2.2\bin -Dfile.encoding=UTF-8 -Dsun.stdout.encoding=UTF-8 -Dsun.stderr.encoding=UTF-8 
java_command: Main
java_class_path (initial): C:\Users\GF63\IdeaProjects\unoproyecto\out\production\unoproyecto
Launcher Type: SUN_STANDARD

[Global flags]
     intx CICompilerCount                          = 4                                         {product} {ergonomic}
     uint ConcGCThreads                            = 3                                         {product} {ergonomic}
     uint G1ConcRefinementThreads                  = 10                                        {product} {ergonomic}
   size_t G1HeapRegionSize                         = 2097152                                   {product} {ergonomic}
   size_t InitialHeapSize                          = 264241152                                 {product} {ergonomic}
   size_t MarkStackSize                            = 4194304                                   {product} {ergonomic}
   size_t MarkStackSizeMax                         = 536870912                                 {product} {ergonomic}
   size_t MaxHeapSize                              = 4217372672                                {product} {ergonomic}
   size_t MaxNewSize                               = 2529165312                                {product} {ergonomic}
   size_t MinHeapDeltaBytes                        = 2097152                                   {product} {ergonomic}
   size_t MinHeapSize                              = 8388608                                   {product} {ergonomic}
    uintx NonNMethodCodeHeapSize                   = 5832704                                {pd product} {ergonomic}
    uintx NonProfiledCodeHeapSize                  = 122945536                              {pd product} {ergonomic}
    uintx ProfiledCodeHeapSize                     = 122880000                              {pd product} {ergonomic}
    uintx ReservedCodeCacheSize                    = 251658240                              {pd product} {ergonomic}
     bool SegmentedCodeCache                       = true                                      {product} {ergonomic}
   size_t SoftMaxHeapSize                          = 4217372672                             {manageable} {ergonomic}
     bool UseCompressedOops                        = true                           {product lp64_product} {ergonomic}
     bool UseG1GC                                  = true                                      {product} {ergonomic}
     bool UseLargePagesIndividualAllocation        = false                                  {pd product} {ergonomic}

Logging:
Log output configuration:
 #0: stdout all=warning uptime,level,tags foldmultilines=false
 #1: stderr all=off uptime,level,tags foldmultilines=false

Environment Variables:
PATH=C:\Program Files (x86)\Common Files\Oracle\Java\java8path;C:\Program Files (x86)\Common Files\Oracle\Java\javapath;C:\Windows\system32;C:\Windows;C:\Windows\System32\Wbem;C:\Windows\System32\WindowsPowerShell\v1.0\;C:\Windows\System32\OpenSSH\;C:\Program Files (x86)\NVIDIA Corporation\PhysX\Common;C:\Program Files\NVIDIA Corporation\NVIDIA NvDLISR;C:\WINDOWS\system32;C:\WINDOWS;C:\WINDOWS\System32\Wbem;C:\WINDOWS\System32\WindowsPowerShell\v1.0\;C:\WINDOWS\System32\OpenSSH\;C:\Program Files\Microsoft SQL Server\150\Tools\Binn\;C:\Program Files\Microsoft SQL Server\Client SDK\ODBC\170\Tools\Binn\;C:\Program Files\Git\cmd;C:\Program Files\dotnet\;C:\Program Files\Docker\Docker\resources\bin;C:\Users\GF63\AppData\Roaming\nvm;C:\Program Files\nodejs;C:\Program Files\MATLAB\R2023b\bin;C:\Program Files (x86)\Windows Kits\10\Windows Performance Toolkit\;C:\Users\GF63\AppData\Local\Android\Sdk\platform-tools\adb.exe;C:\Users\GF63\AppData\Local\Android\Sdk\platform-tools;C:\Program Files (x86)\Java\jre-1.8\bin;C:\Users\GF63\.console-ninja\.bin;C:\Users\GF63\AppData\Local\Programs\Python\Python311\Scripts\;C:\Users\GF63\AppData\Local\Programs\Python\Python311\;C:\Users\GF63\AppData\Local\Microsoft\WindowsApps;C:\Users\GF63\AppData\Local\Programs\Microsoft VS Code\bin;C:\Users\GF63\.dotnet\tools;C:\Users\GF63\AppData\Roaming\npm;C:\Users\GF63\AppData\Roaming\nvm;C:\Program Files\nodejs;C:\Users\GF63\Documents\mysql-8.0.25-winx64\bin;;C:\Program Files\JetBrains\CLion 2024.1\bin;
USERNAME=GF63
OS=Windows_NT
PROCESSOR_IDENTIFIER=Intel64 Family 6 Model 141 Stepping 1, GenuineIntel
TMP=C:\Users\GF63\AppData\Local\Temp
TEMP=C:\Users\GF63\AppData\Local\Temp




Periodic native trim disabled

---------------  S Y S T E M  ---------------

OS:
 Windows 11 , 64 bit Build 22621 (10.0.22621.3958)
OS uptime: 13 days 2:07 hours
Hyper-V role detected

CPU: total 12 (initial active 12) (6 cores per cpu, 2 threads per core) family 6 model 141 stepping 1 microcode 0x26, cx8, cmov, fxsr, ht, mmx, 3dnowpref, sse, sse2, sse3, ssse3, sse4.1, sse4.2, popcnt, lzcnt, tsc, tscinvbit, avx, avx2, aes, erms, clmul, bmi1, bmi2, adx, avx512f, avx512dq, avx512cd, avx512bw, avx512vl, sha, fma, vzeroupper, avx512_vpopcntdq, avx512_vpclmulqdq, avx512_vaes, avx512_vnni, clflush, clflushopt, clwb, avx512_vbmi2, avx512_vbmi, hv, rdtscp, rdpid, fsrm, gfni, avx512_bitalg, f16c, cet_ibt, cet_ss, avx512_ifma
Processor Information for the first 12 processors :
  Max Mhz: 2688, Current Mhz: 2688, Mhz Limit: 2688

Memory: 4k page, system-wide physical 16085M (4807M free)
TotalPageFile size 23509M (AvailPageFile size 9242M)
current process WorkingSet (physical memory assigned to process): 204M, peak: 218M
current process commit charge ("private bytes"): 374M, peak: 409M

vm_info: OpenJDK 64-Bit Server VM (23+37-2369) for windows-amd64 JRE (23+37-2369), built on 2024-08-20T16:01:23Z with MS VC++ 17.6 (VS2022)

END.
